[2017-01-25 00:22:51,470] TRACE Controller 0 epoch 30 started leader election for partition [twitterstream,0] (state.change.logger)
[2017-01-25 00:22:51,485] ERROR Controller 0 epoch 30 initiated state change for partition [twitterstream,0] from OfflinePartition to OnlinePartition failed (state.change.logger)
kafka.common.NoReplicaOnlineException: No replica for partition [twitterstream,0] is alive. Live brokers are: [Set()], Assigned replicas are: [List(0)]
	at kafka.controller.OfflinePartitionLeaderSelector.selectLeader(PartitionLeaderSelector.scala:73)
	at kafka.controller.PartitionStateMachine.electLeaderForPartition(PartitionStateMachine.scala:344)
	at kafka.controller.PartitionStateMachine.kafka$controller$PartitionStateMachine$$handleStateChange(PartitionStateMachine.scala:205)
	at kafka.controller.PartitionStateMachine$$anonfun$triggerOnlinePartitionStateChange$3.apply(PartitionStateMachine.scala:120)
	at kafka.controller.PartitionStateMachine$$anonfun$triggerOnlinePartitionStateChange$3.apply(PartitionStateMachine.scala:117)
	at scala.collection.TraversableLike$WithFilter$$anonfun$foreach$1.apply(TraversableLike.scala:733)
	at scala.collection.mutable.HashMap$$anonfun$foreach$1.apply(HashMap.scala:99)
	at scala.collection.mutable.HashMap$$anonfun$foreach$1.apply(HashMap.scala:99)
	at scala.collection.mutable.HashTable$class.foreachEntry(HashTable.scala:230)
	at scala.collection.mutable.HashMap.foreachEntry(HashMap.scala:40)
	at scala.collection.mutable.HashMap.foreach(HashMap.scala:99)
	at scala.collection.TraversableLike$WithFilter.foreach(TraversableLike.scala:732)
	at kafka.controller.PartitionStateMachine.triggerOnlinePartitionStateChange(PartitionStateMachine.scala:117)
	at kafka.controller.PartitionStateMachine.startup(PartitionStateMachine.scala:70)
	at kafka.controller.KafkaController.onControllerFailover(KafkaController.scala:336)
	at kafka.controller.KafkaController$$anonfun$1.apply$mcV$sp(KafkaController.scala:167)
	at kafka.server.ZookeeperLeaderElector.elect(ZookeeperLeaderElector.scala:84)
	at kafka.controller.KafkaController$SessionExpirationListener$$anonfun$handleNewSession$1.apply$mcZ$sp(KafkaController.scala:1168)
	at kafka.controller.KafkaController$SessionExpirationListener$$anonfun$handleNewSession$1.apply(KafkaController.scala:1166)
	at kafka.controller.KafkaController$SessionExpirationListener$$anonfun$handleNewSession$1.apply(KafkaController.scala:1166)
	at kafka.utils.CoreUtils$.inLock(CoreUtils.scala:234)
	at kafka.controller.KafkaController$SessionExpirationListener.handleNewSession(KafkaController.scala:1166)
	at org.I0Itec.zkclient.ZkClient$6.run(ZkClient.java:735)
	at org.I0Itec.zkclient.ZkEventThread.run(ZkEventThread.java:71)
[2017-01-25 00:23:06,515] TRACE Controller 0 epoch 30 sending UpdateMetadata request (Leader:0,ISR:0,LeaderEpoch:25,ControllerEpoch:29) to broker 0 for partition twitterstream-0 (state.change.logger)
[2017-01-25 00:23:06,516] TRACE Controller 0 epoch 30 changed state of replica 0 for partition [twitterstream,0] from ReplicaDeletionIneligible to OnlineReplica (state.change.logger)
[2017-01-25 00:23:06,516] TRACE Controller 0 epoch 30 sending become-leader LeaderAndIsr request (Leader:0,ISR:0,LeaderEpoch:25,ControllerEpoch:29) to broker 0 for partition [twitterstream,0] (state.change.logger)
[2017-01-25 00:23:06,517] TRACE Controller 0 epoch 30 sending UpdateMetadata request (Leader:0,ISR:0,LeaderEpoch:25,ControllerEpoch:29) to broker 0 for partition twitterstream-0 (state.change.logger)
[2017-01-25 00:23:06,517] TRACE Controller 0 epoch 30 started leader election for partition [twitterstream,0] (state.change.logger)
[2017-01-25 00:23:06,518] TRACE Broker 0 cached leader info (LeaderAndIsrInfo:(Leader:0,ISR:0,LeaderEpoch:25,ControllerEpoch:29),ReplicationFactor:1),AllReplicas:0) for partition twitterstream-0 in response to UpdateMetadata request sent by controller 0 epoch 30 with correlation id 0 (state.change.logger)
[2017-01-25 00:23:06,519] TRACE Controller 0 epoch 30 received response {error_code=0} for a request sent to broker 192.168.0.13:9092 (id: 0 rack: null) (state.change.logger)
[2017-01-25 00:23:06,520] TRACE Broker 0 received LeaderAndIsr request PartitionState(controllerEpoch=29, leader=0, leaderEpoch=25, isr=[0], zkVersion=25, replicas=[0]) correlation id 1 from controller 0 epoch 30 for partition [twitterstream,0] (state.change.logger)
[2017-01-25 00:23:06,520] WARN Broker 0 ignoring LeaderAndIsr request from controller 0 with correlation id 1 epoch 30 for partition [twitterstream,0] since its associated leader epoch 25 is not higher than the current leader epoch 25 (state.change.logger)
[2017-01-25 00:23:06,520] TRACE Controller 0 epoch 30 received response {error_code=0,partitions=[{topic=twitterstream,partition=0,error_code=11}]} for a request sent to broker 192.168.0.13:9092 (id: 0 rack: null) (state.change.logger)
[2017-01-25 00:23:06,521] TRACE Broker 0 cached leader info (LeaderAndIsrInfo:(Leader:0,ISR:0,LeaderEpoch:25,ControllerEpoch:29),ReplicationFactor:1),AllReplicas:0) for partition twitterstream-0 in response to UpdateMetadata request sent by controller 0 epoch 30 with correlation id 2 (state.change.logger)
[2017-01-25 00:23:06,522] TRACE Controller 0 epoch 30 elected leader 0 for Offline partition [twitterstream,0] (state.change.logger)
[2017-01-25 00:23:06,522] TRACE Controller 0 epoch 30 received response {error_code=0} for a request sent to broker 192.168.0.13:9092 (id: 0 rack: null) (state.change.logger)
[2017-01-25 00:23:06,522] TRACE Controller 0 epoch 30 changed partition [twitterstream,0] from OfflinePartition to OnlinePartition with leader 0 (state.change.logger)
[2017-01-25 00:23:06,522] TRACE Controller 0 epoch 30 sending become-leader LeaderAndIsr request (Leader:0,ISR:0,LeaderEpoch:26,ControllerEpoch:30) to broker 0 for partition [twitterstream,0] (state.change.logger)
[2017-01-25 00:23:06,522] TRACE Controller 0 epoch 30 sending UpdateMetadata request (Leader:0,ISR:0,LeaderEpoch:26,ControllerEpoch:30) to broker 0 for partition twitterstream-0 (state.change.logger)
[2017-01-25 00:23:06,522] TRACE Broker 0 received LeaderAndIsr request PartitionState(controllerEpoch=30, leader=0, leaderEpoch=26, isr=[0], zkVersion=26, replicas=[0]) correlation id 3 from controller 0 epoch 30 for partition [twitterstream,0] (state.change.logger)
[2017-01-25 00:23:06,523] TRACE Broker 0 handling LeaderAndIsr request correlationId 3 from controller 0 epoch 30 starting the become-leader transition for partition [twitterstream,0] (state.change.logger)
[2017-01-25 00:23:06,523] INFO Broker 0 skipped the become-leader state change after marking its partition as leader with correlation id 3 from controller 0 epoch 30 for partition [twitterstream,0] since it is already the leader for the partition. (state.change.logger)
[2017-01-25 00:23:06,524] TRACE Broker 0 completed LeaderAndIsr request correlationId 3 from controller 0 epoch 30 for the become-leader transition for partition [twitterstream,0] (state.change.logger)
[2017-01-25 00:23:06,524] TRACE Controller 0 epoch 30 received response {error_code=0,partitions=[{topic=twitterstream,partition=0,error_code=0}]} for a request sent to broker 192.168.0.13:9092 (id: 0 rack: null) (state.change.logger)
[2017-01-25 00:23:06,524] TRACE Broker 0 cached leader info (LeaderAndIsrInfo:(Leader:0,ISR:0,LeaderEpoch:26,ControllerEpoch:30),ReplicationFactor:1),AllReplicas:0) for partition twitterstream-0 in response to UpdateMetadata request sent by controller 0 epoch 30 with correlation id 4 (state.change.logger)
[2017-01-25 00:23:06,525] TRACE Controller 0 epoch 30 received response {error_code=0} for a request sent to broker 192.168.0.13:9092 (id: 0 rack: null) (state.change.logger)
[2017-01-25 00:34:44,946] DEBUG preRegister called. Server=com.sun.jmx.mbeanserver.JmxMBeanServer@66d3c617, name=log4j:logger=state.change.logger (state.change.logger)
[2017-01-25 00:36:26,571] TRACE Controller 0 epoch 31 started leader election for partition [twitterstream,0] (state.change.logger)
[2017-01-25 00:36:26,589] ERROR Controller 0 epoch 31 initiated state change for partition [twitterstream,0] from OfflinePartition to OnlinePartition failed (state.change.logger)
kafka.common.NoReplicaOnlineException: No replica for partition [twitterstream,0] is alive. Live brokers are: [Set()], Assigned replicas are: [List(0)]
	at kafka.controller.OfflinePartitionLeaderSelector.selectLeader(PartitionLeaderSelector.scala:73)
	at kafka.controller.PartitionStateMachine.electLeaderForPartition(PartitionStateMachine.scala:344)
	at kafka.controller.PartitionStateMachine.kafka$controller$PartitionStateMachine$$handleStateChange(PartitionStateMachine.scala:205)
	at kafka.controller.PartitionStateMachine$$anonfun$triggerOnlinePartitionStateChange$3.apply(PartitionStateMachine.scala:120)
	at kafka.controller.PartitionStateMachine$$anonfun$triggerOnlinePartitionStateChange$3.apply(PartitionStateMachine.scala:117)
	at scala.collection.TraversableLike$WithFilter$$anonfun$foreach$1.apply(TraversableLike.scala:733)
	at scala.collection.mutable.HashMap$$anonfun$foreach$1.apply(HashMap.scala:99)
	at scala.collection.mutable.HashMap$$anonfun$foreach$1.apply(HashMap.scala:99)
	at scala.collection.mutable.HashTable$class.foreachEntry(HashTable.scala:230)
	at scala.collection.mutable.HashMap.foreachEntry(HashMap.scala:40)
	at scala.collection.mutable.HashMap.foreach(HashMap.scala:99)
	at scala.collection.TraversableLike$WithFilter.foreach(TraversableLike.scala:732)
	at kafka.controller.PartitionStateMachine.triggerOnlinePartitionStateChange(PartitionStateMachine.scala:117)
	at kafka.controller.PartitionStateMachine.startup(PartitionStateMachine.scala:70)
	at kafka.controller.KafkaController.onControllerFailover(KafkaController.scala:336)
	at kafka.controller.KafkaController$$anonfun$1.apply$mcV$sp(KafkaController.scala:167)
	at kafka.server.ZookeeperLeaderElector.elect(ZookeeperLeaderElector.scala:84)
	at kafka.server.ZookeeperLeaderElector$$anonfun$startup$1.apply$mcZ$sp(ZookeeperLeaderElector.scala:50)
	at kafka.server.ZookeeperLeaderElector$$anonfun$startup$1.apply(ZookeeperLeaderElector.scala:48)
	at kafka.server.ZookeeperLeaderElector$$anonfun$startup$1.apply(ZookeeperLeaderElector.scala:48)
	at kafka.utils.CoreUtils$.inLock(CoreUtils.scala:234)
	at kafka.server.ZookeeperLeaderElector.startup(ZookeeperLeaderElector.scala:48)
	at kafka.controller.KafkaController$$anonfun$startup$1.apply$mcV$sp(KafkaController.scala:676)
	at kafka.controller.KafkaController$$anonfun$startup$1.apply(KafkaController.scala:672)
	at kafka.controller.KafkaController$$anonfun$startup$1.apply(KafkaController.scala:672)
	at kafka.utils.CoreUtils$.inLock(CoreUtils.scala:234)
	at kafka.controller.KafkaController.startup(KafkaController.scala:672)
	at kafka.server.KafkaServer.startup(KafkaServer.scala:228)
	at kafka.server.KafkaServerStartable.startup(KafkaServerStartable.scala:39)
	at kafka.Kafka$.main(Kafka.scala:67)
	at kafka.Kafka.main(Kafka.scala)
[2017-01-25 00:36:36,762] TRACE Controller 0 epoch 31 sending UpdateMetadata request (Leader:0,ISR:0,LeaderEpoch:26,ControllerEpoch:30) to broker 0 for partition twitterstream-0 (state.change.logger)
[2017-01-25 00:36:36,803] TRACE Controller 0 epoch 31 changed state of replica 0 for partition [twitterstream,0] from ReplicaDeletionIneligible to OnlineReplica (state.change.logger)
[2017-01-25 00:36:36,804] TRACE Controller 0 epoch 31 sending become-leader LeaderAndIsr request (Leader:0,ISR:0,LeaderEpoch:26,ControllerEpoch:30) to broker 0 for partition [twitterstream,0] (state.change.logger)
[2017-01-25 00:36:36,808] TRACE Controller 0 epoch 31 sending UpdateMetadata request (Leader:0,ISR:0,LeaderEpoch:26,ControllerEpoch:30) to broker 0 for partition twitterstream-0 (state.change.logger)
[2017-01-25 00:36:36,808] TRACE Controller 0 epoch 31 started leader election for partition [twitterstream,0] (state.change.logger)
[2017-01-25 00:36:36,821] TRACE Controller 0 epoch 31 elected leader 0 for Offline partition [twitterstream,0] (state.change.logger)
[2017-01-25 00:36:36,823] TRACE Controller 0 epoch 31 changed partition [twitterstream,0] from OfflinePartition to OnlinePartition with leader 0 (state.change.logger)
[2017-01-25 00:36:36,823] TRACE Controller 0 epoch 31 sending become-leader LeaderAndIsr request (Leader:0,ISR:0,LeaderEpoch:27,ControllerEpoch:31) to broker 0 for partition [twitterstream,0] (state.change.logger)
[2017-01-25 00:36:36,824] TRACE Controller 0 epoch 31 sending UpdateMetadata request (Leader:0,ISR:0,LeaderEpoch:27,ControllerEpoch:31) to broker 0 for partition twitterstream-0 (state.change.logger)
[2017-01-25 00:36:46,748] TRACE Broker 0 cached leader info (LeaderAndIsrInfo:(Leader:0,ISR:0,LeaderEpoch:26,ControllerEpoch:30),ReplicationFactor:1),AllReplicas:0) for partition twitterstream-0 in response to UpdateMetadata request sent by controller 0 epoch 31 with correlation id 0 (state.change.logger)
[2017-01-25 00:36:46,760] TRACE Controller 0 epoch 31 received response {error_code=0} for a request sent to broker 192.168.0.13:9092 (id: 0 rack: null) (state.change.logger)
[2017-01-25 00:36:46,817] TRACE Broker 0 received LeaderAndIsr request PartitionState(controllerEpoch=30, leader=0, leaderEpoch=26, isr=[0], zkVersion=26, replicas=[0]) correlation id 1 from controller 0 epoch 31 for partition [twitterstream,0] (state.change.logger)
[2017-01-25 00:36:46,828] TRACE Broker 0 handling LeaderAndIsr request correlationId 1 from controller 0 epoch 31 starting the become-leader transition for partition [twitterstream,0] (state.change.logger)
[2017-01-25 00:36:46,844] TRACE Broker 0 stopped fetchers as part of become-leader request from controller 0 epoch 31 with correlation id 1 for partition [twitterstream,0] (state.change.logger)
[2017-01-25 00:36:46,845] TRACE Broker 0 completed LeaderAndIsr request correlationId 1 from controller 0 epoch 31 for the become-leader transition for partition [twitterstream,0] (state.change.logger)
[2017-01-25 00:36:46,849] TRACE Controller 0 epoch 31 received response {error_code=0,partitions=[{topic=twitterstream,partition=0,error_code=0}]} for a request sent to broker 192.168.0.13:9092 (id: 0 rack: null) (state.change.logger)
[2017-01-25 00:36:46,850] TRACE Broker 0 cached leader info (LeaderAndIsrInfo:(Leader:0,ISR:0,LeaderEpoch:26,ControllerEpoch:30),ReplicationFactor:1),AllReplicas:0) for partition twitterstream-0 in response to UpdateMetadata request sent by controller 0 epoch 31 with correlation id 2 (state.change.logger)
[2017-01-25 00:36:46,851] TRACE Controller 0 epoch 31 received response {error_code=0} for a request sent to broker 192.168.0.13:9092 (id: 0 rack: null) (state.change.logger)
[2017-01-25 00:36:46,852] TRACE Broker 0 received LeaderAndIsr request PartitionState(controllerEpoch=31, leader=0, leaderEpoch=27, isr=[0], zkVersion=27, replicas=[0]) correlation id 3 from controller 0 epoch 31 for partition [twitterstream,0] (state.change.logger)
[2017-01-25 00:36:46,852] TRACE Broker 0 handling LeaderAndIsr request correlationId 3 from controller 0 epoch 31 starting the become-leader transition for partition [twitterstream,0] (state.change.logger)
[2017-01-25 00:36:46,854] INFO Broker 0 skipped the become-leader state change after marking its partition as leader with correlation id 3 from controller 0 epoch 31 for partition [twitterstream,0] since it is already the leader for the partition. (state.change.logger)
[2017-01-25 00:36:46,854] TRACE Broker 0 completed LeaderAndIsr request correlationId 3 from controller 0 epoch 31 for the become-leader transition for partition [twitterstream,0] (state.change.logger)
[2017-01-25 00:36:46,855] TRACE Controller 0 epoch 31 received response {error_code=0,partitions=[{topic=twitterstream,partition=0,error_code=0}]} for a request sent to broker 192.168.0.13:9092 (id: 0 rack: null) (state.change.logger)
[2017-01-25 00:36:46,855] TRACE Broker 0 cached leader info (LeaderAndIsrInfo:(Leader:0,ISR:0,LeaderEpoch:27,ControllerEpoch:31),ReplicationFactor:1),AllReplicas:0) for partition twitterstream-0 in response to UpdateMetadata request sent by controller 0 epoch 31 with correlation id 4 (state.change.logger)
[2017-01-25 00:36:46,856] TRACE Controller 0 epoch 31 received response {error_code=0} for a request sent to broker 192.168.0.13:9092 (id: 0 rack: null) (state.change.logger)
